[2021-04-22 14:34:48] OXID Logger.ERROR: Syntax Error: Unexpected <EOF>

GraphQL (4:33)
3: 
4: # Enter your graphQL query here.
                                   ^
 [] []
[2021-04-22 15:07:59] OXID Logger.ERROR: Field "baskets" argument "owner" requires type String!, found ______.

GraphQL (13:18)
12: query baskets{
13:   baskets(owner: ______){
                     ^
14:     owner
 [] []
[2021-04-22 15:07:59] OXID Logger.ERROR: Field "owner" of type "BasketOwner!" must have a sub selection.

GraphQL (14:5)
13:   baskets(owner: ______){
14:     owner
        ^
15:     items(pagination: ______)
 [] []
[2021-04-22 15:07:59] OXID Logger.ERROR: Field "items" of type "[BasketItem!]!" must have a sub selection.

GraphQL (15:5)
14:     owner
15:     items(pagination: ______)
        ^
16:     cost
 [] []
[2021-04-22 15:07:59] OXID Logger.ERROR: Field "items" argument "pagination" requires type PaginationFilterInput, found ______.

GraphQL (15:23)
14:     owner
15:     items(pagination: ______)
                          ^
16:     cost
 [] []
[2021-04-22 15:07:59] OXID Logger.ERROR: Field "cost" of type "BasketCost!" must have a sub selection.

GraphQL (16:5)
15:     items(pagination: ______)
16:     cost
        ^
17:     vouchers
 [] []
[2021-04-22 15:07:59] OXID Logger.ERROR: Field "vouchers" of type "[Voucher!]!" must have a sub selection.

GraphQL (17:5)
16:     cost
17:     vouchers
        ^
18:     deliveryAddress
 [] []
[2021-04-22 15:07:59] OXID Logger.ERROR: Field "deliveryAddress" of type "DeliveryAddress" must have a sub selection.

GraphQL (18:5)
17:     vouchers
18:     deliveryAddress
        ^
19:     payment
 [] []
[2021-04-22 15:07:59] OXID Logger.ERROR: Field "payment" of type "PaymentInterface" must have a sub selection.

GraphQL (19:5)
18:     deliveryAddress
19:     payment
        ^
20:     deliveryMethod
 [] []
[2021-04-22 15:07:59] OXID Logger.ERROR: Field "deliveryMethod" of type "DeliveryMethodInterface" must have a sub selection.

GraphQL (20:5)
19:     payment
20:     deliveryMethod
        ^
21:     id
 [] []
[2021-04-22 15:08:06] OXID Logger.ERROR: Field "baskets" argument "owner" requires type String!, found ______.

GraphQL (13:18)
12: query baskets{
13:   baskets(owner: ______){
                     ^
14:     owner
 [] []
[2021-04-22 15:08:06] OXID Logger.ERROR: Field "owner" of type "BasketOwner!" must have a sub selection.

GraphQL (14:5)
13:   baskets(owner: ______){
14:     owner
        ^
15:     items(pagination: ______)
 [] []
[2021-04-22 15:08:06] OXID Logger.ERROR: Field "items" of type "[BasketItem!]!" must have a sub selection.

GraphQL (15:5)
14:     owner
15:     items(pagination: ______)
        ^
16:     cost
 [] []
[2021-04-22 15:08:06] OXID Logger.ERROR: Field "items" argument "pagination" requires type PaginationFilterInput, found ______.

GraphQL (15:23)
14:     owner
15:     items(pagination: ______)
                          ^
16:     cost
 [] []
[2021-04-22 15:08:06] OXID Logger.ERROR: Field "cost" of type "BasketCost!" must have a sub selection.

GraphQL (16:5)
15:     items(pagination: ______)
16:     cost
        ^
17:     vouchers
 [] []
[2021-04-22 15:08:06] OXID Logger.ERROR: Field "vouchers" of type "[Voucher!]!" must have a sub selection.

GraphQL (17:5)
16:     cost
17:     vouchers
        ^
18:     deliveryAddress
 [] []
[2021-04-22 15:08:06] OXID Logger.ERROR: Field "deliveryAddress" of type "DeliveryAddress" must have a sub selection.

GraphQL (18:5)
17:     vouchers
18:     deliveryAddress
        ^
19:     payment
 [] []
[2021-04-22 15:08:06] OXID Logger.ERROR: Field "payment" of type "PaymentInterface" must have a sub selection.

GraphQL (19:5)
18:     deliveryAddress
19:     payment
        ^
20:     deliveryMethod
 [] []
[2021-04-22 15:08:06] OXID Logger.ERROR: Field "deliveryMethod" of type "DeliveryMethodInterface" must have a sub selection.

GraphQL (20:5)
19:     payment
20:     deliveryMethod
        ^
21:     id
 [] []
[2021-04-22 15:08:18] OXID Logger.ERROR: Field "baskets" argument "owner" requires type String!, found ______.

GraphQL (13:18)
12: query baskets{
13:   baskets(owner: ______){
                     ^
14:     owner
 [] []
[2021-04-22 15:08:18] OXID Logger.ERROR: Field "owner" of type "BasketOwner!" must have a sub selection.

GraphQL (14:5)
13:   baskets(owner: ______){
14:     owner
        ^
15:     items(pagination: ______)
 [] []
[2021-04-22 15:08:18] OXID Logger.ERROR: Field "items" of type "[BasketItem!]!" must have a sub selection.

GraphQL (15:5)
14:     owner
15:     items(pagination: ______)
        ^
16:     cost
 [] []
[2021-04-22 15:08:18] OXID Logger.ERROR: Field "items" argument "pagination" requires type PaginationFilterInput, found ______.

GraphQL (15:23)
14:     owner
15:     items(pagination: ______)
                          ^
16:     cost
 [] []
[2021-04-22 15:08:18] OXID Logger.ERROR: Field "cost" of type "BasketCost!" must have a sub selection.

GraphQL (16:5)
15:     items(pagination: ______)
16:     cost
        ^
17:     vouchers
 [] []
[2021-04-22 15:08:18] OXID Logger.ERROR: Field "vouchers" of type "[Voucher!]!" must have a sub selection.

GraphQL (17:5)
16:     cost
17:     vouchers
        ^
18:     deliveryAddress
 [] []
[2021-04-22 15:08:18] OXID Logger.ERROR: Field "deliveryAddress" of type "DeliveryAddress" must have a sub selection.

GraphQL (18:5)
17:     vouchers
18:     deliveryAddress
        ^
19:     payment
 [] []
[2021-04-22 15:08:18] OXID Logger.ERROR: Field "payment" of type "PaymentInterface" must have a sub selection.

GraphQL (19:5)
18:     deliveryAddress
19:     payment
        ^
20:     deliveryMethod
 [] []
[2021-04-22 15:08:18] OXID Logger.ERROR: Field "deliveryMethod" of type "DeliveryMethodInterface" must have a sub selection.

GraphQL (20:5)
19:     payment
20:     deliveryMethod
        ^
21:     id
 [] []
[2021-04-22 15:08:29] OXID Logger.ERROR: Field "baskets" argument "owner" requires type String!, found ______.

GraphQL (13:18)
12: query baskets{
13:   baskets(owner: ______){
                     ^
14:     owner
 [] []
[2021-04-22 15:08:29] OXID Logger.ERROR: Field "owner" of type "BasketOwner!" must have a sub selection.

GraphQL (14:5)
13:   baskets(owner: ______){
14:     owner
        ^
15:     items(pagination: ______)
 [] []
[2021-04-22 15:08:29] OXID Logger.ERROR: Field "items" of type "[BasketItem!]!" must have a sub selection.

GraphQL (15:5)
14:     owner
15:     items(pagination: ______)
        ^
16:     cost
 [] []
[2021-04-22 15:08:29] OXID Logger.ERROR: Field "items" argument "pagination" requires type PaginationFilterInput, found ______.

GraphQL (15:23)
14:     owner
15:     items(pagination: ______)
                          ^
16:     cost
 [] []
[2021-04-22 15:08:29] OXID Logger.ERROR: Field "cost" of type "BasketCost!" must have a sub selection.

GraphQL (16:5)
15:     items(pagination: ______)
16:     cost
        ^
17:     vouchers
 [] []
[2021-04-22 15:08:29] OXID Logger.ERROR: Field "vouchers" of type "[Voucher!]!" must have a sub selection.

GraphQL (17:5)
16:     cost
17:     vouchers
        ^
18:     deliveryAddress
 [] []
[2021-04-22 15:08:29] OXID Logger.ERROR: Field "deliveryAddress" of type "DeliveryAddress" must have a sub selection.

GraphQL (18:5)
17:     vouchers
18:     deliveryAddress
        ^
19:     payment
 [] []
[2021-04-22 15:08:29] OXID Logger.ERROR: Field "payment" of type "PaymentInterface" must have a sub selection.

GraphQL (19:5)
18:     deliveryAddress
19:     payment
        ^
20:     deliveryMethod
 [] []
[2021-04-22 15:08:29] OXID Logger.ERROR: Field "deliveryMethod" of type "DeliveryMethodInterface" must have a sub selection.

GraphQL (20:5)
19:     payment
20:     deliveryMethod
        ^
21:     id
 [] []
[2021-04-22 15:08:51] OXID Logger.ERROR: Field "baskets" argument "owner" requires type String!, found ______.

GraphQL (13:18)
12: query baskets{
13:   baskets(owner: ______){
                     ^
14:     owner
 [] []
[2021-04-22 15:08:51] OXID Logger.ERROR: Field "owner" of type "BasketOwner!" must have a sub selection.

GraphQL (14:5)
13:   baskets(owner: ______){
14:     owner
        ^
15:     items(pagination: ______)
 [] []
[2021-04-22 15:08:51] OXID Logger.ERROR: Field "items" of type "[BasketItem!]!" must have a sub selection.

GraphQL (15:5)
14:     owner
15:     items(pagination: ______)
        ^
16:     cost
 [] []
[2021-04-22 15:08:51] OXID Logger.ERROR: Field "items" argument "pagination" requires type PaginationFilterInput, found ______.

GraphQL (15:23)
14:     owner
15:     items(pagination: ______)
                          ^
16:     cost
 [] []
[2021-04-22 15:08:51] OXID Logger.ERROR: Field "cost" of type "BasketCost!" must have a sub selection.

GraphQL (16:5)
15:     items(pagination: ______)
16:     cost
        ^
17:     vouchers
 [] []
[2021-04-22 15:08:51] OXID Logger.ERROR: Field "vouchers" of type "[Voucher!]!" must have a sub selection.

GraphQL (17:5)
16:     cost
17:     vouchers
        ^
18:     deliveryAddress
 [] []
[2021-04-22 15:08:51] OXID Logger.ERROR: Field "deliveryAddress" of type "DeliveryAddress" must have a sub selection.

GraphQL (18:5)
17:     vouchers
18:     deliveryAddress
        ^
19:     payment
 [] []
[2021-04-22 15:08:51] OXID Logger.ERROR: Field "payment" of type "PaymentInterface" must have a sub selection.

GraphQL (19:5)
18:     deliveryAddress
19:     payment
        ^
20:     deliveryMethod
 [] []
[2021-04-22 15:08:51] OXID Logger.ERROR: Field "deliveryMethod" of type "DeliveryMethodInterface" must have a sub selection.

GraphQL (20:5)
19:     payment
20:     deliveryMethod
        ^
21:     id
 [] []
[2021-04-22 15:09:11] OXID Logger.ERROR: Field "baskets" argument "owner" requires type String!, found ______.

GraphQL (13:18)
12: query baskets{
13:   baskets(owner: ______){
                     ^
14:     owner
 [] []
[2021-04-22 15:09:11] OXID Logger.ERROR: Field "owner" of type "BasketOwner!" must have a sub selection.

GraphQL (14:5)
13:   baskets(owner: ______){
14:     owner
        ^
15:     items(pagination: ______)
 [] []
[2021-04-22 15:09:11] OXID Logger.ERROR: Field "items" of type "[BasketItem!]!" must have a sub selection.

GraphQL (15:5)
14:     owner
15:     items(pagination: ______)
        ^
16:     cost
 [] []
[2021-04-22 15:09:11] OXID Logger.ERROR: Field "items" argument "pagination" requires type PaginationFilterInput, found ______.

GraphQL (15:23)
14:     owner
15:     items(pagination: ______)
                          ^
16:     cost
 [] []
[2021-04-22 15:09:11] OXID Logger.ERROR: Field "cost" of type "BasketCost!" must have a sub selection.

GraphQL (16:5)
15:     items(pagination: ______)
16:     cost
        ^
17:     vouchers
 [] []
[2021-04-22 15:09:11] OXID Logger.ERROR: Field "vouchers" of type "[Voucher!]!" must have a sub selection.

GraphQL (17:5)
16:     cost
17:     vouchers
        ^
18:     deliveryAddress
 [] []
[2021-04-22 15:09:11] OXID Logger.ERROR: Field "deliveryAddress" of type "DeliveryAddress" must have a sub selection.

GraphQL (18:5)
17:     vouchers
18:     deliveryAddress
        ^
19:     payment
 [] []
[2021-04-22 15:09:11] OXID Logger.ERROR: Field "payment" of type "PaymentInterface" must have a sub selection.

GraphQL (19:5)
18:     deliveryAddress
19:     payment
        ^
20:     deliveryMethod
 [] []
[2021-04-22 15:09:11] OXID Logger.ERROR: Field "deliveryMethod" of type "DeliveryMethodInterface" must have a sub selection.

GraphQL (20:5)
19:     payment
20:     deliveryMethod
        ^
21:     id
 [] []
[2021-04-22 15:09:20] OXID Logger.ERROR: Field "baskets" argument "owner" requires type String!, found ______.

GraphQL (13:18)
12: query baskets{
13:   baskets(owner: ______){
                     ^
14:     owner
 [] []
[2021-04-22 15:09:20] OXID Logger.ERROR: Field "owner" of type "BasketOwner!" must have a sub selection.

GraphQL (14:5)
13:   baskets(owner: ______){
14:     owner
        ^
15:     items(pagination: ______)
 [] []
[2021-04-22 15:09:20] OXID Logger.ERROR: Field "items" of type "[BasketItem!]!" must have a sub selection.

GraphQL (15:5)
14:     owner
15:     items(pagination: ______)
        ^
16:     cost
 [] []
[2021-04-22 15:09:20] OXID Logger.ERROR: Field "items" argument "pagination" requires type PaginationFilterInput, found ______.

GraphQL (15:23)
14:     owner
15:     items(pagination: ______)
                          ^
16:     cost
 [] []
[2021-04-22 15:09:20] OXID Logger.ERROR: Field "cost" of type "BasketCost!" must have a sub selection.

GraphQL (16:5)
15:     items(pagination: ______)
16:     cost
        ^
17:     vouchers
 [] []
[2021-04-22 15:09:20] OXID Logger.ERROR: Field "vouchers" of type "[Voucher!]!" must have a sub selection.

GraphQL (17:5)
16:     cost
17:     vouchers
        ^
18:     deliveryAddress
 [] []
[2021-04-22 15:09:20] OXID Logger.ERROR: Field "deliveryAddress" of type "DeliveryAddress" must have a sub selection.

GraphQL (18:5)
17:     vouchers
18:     deliveryAddress
        ^
19:     payment
 [] []
[2021-04-22 15:09:20] OXID Logger.ERROR: Field "payment" of type "PaymentInterface" must have a sub selection.

GraphQL (19:5)
18:     deliveryAddress
19:     payment
        ^
20:     deliveryMethod
 [] []
[2021-04-22 15:09:20] OXID Logger.ERROR: Field "deliveryMethod" of type "DeliveryMethodInterface" must have a sub selection.

GraphQL (20:5)
19:     payment
20:     deliveryMethod
        ^
21:     id
 [] []
[2021-04-22 15:09:38] OXID Logger.ERROR: Field "baskets" argument "owner" requires type String!, found ______.

GraphQL (13:18)
12: query baskets{
13:   baskets(owner: ______){
                     ^
14:     owner
 [] []
[2021-04-22 15:09:38] OXID Logger.ERROR: Field "owner" of type "BasketOwner!" must have a sub selection.

GraphQL (14:5)
13:   baskets(owner: ______){
14:     owner
        ^
15:     items(pagination: ______)
 [] []
[2021-04-22 15:09:38] OXID Logger.ERROR: Field "items" of type "[BasketItem!]!" must have a sub selection.

GraphQL (15:5)
14:     owner
15:     items(pagination: ______)
        ^
16:     cost
 [] []
[2021-04-22 15:09:38] OXID Logger.ERROR: Field "items" argument "pagination" requires type PaginationFilterInput, found ______.

GraphQL (15:23)
14:     owner
15:     items(pagination: ______)
                          ^
16:     cost
 [] []
[2021-04-22 15:09:38] OXID Logger.ERROR: Field "cost" of type "BasketCost!" must have a sub selection.

GraphQL (16:5)
15:     items(pagination: ______)
16:     cost
        ^
17:     vouchers
 [] []
[2021-04-22 15:09:38] OXID Logger.ERROR: Field "vouchers" of type "[Voucher!]!" must have a sub selection.

GraphQL (17:5)
16:     cost
17:     vouchers
        ^
18:     deliveryAddress
 [] []
[2021-04-22 15:09:38] OXID Logger.ERROR: Field "deliveryAddress" of type "DeliveryAddress" must have a sub selection.

GraphQL (18:5)
17:     vouchers
18:     deliveryAddress
        ^
19:     payment
 [] []
[2021-04-22 15:09:38] OXID Logger.ERROR: Field "payment" of type "PaymentInterface" must have a sub selection.

GraphQL (19:5)
18:     deliveryAddress
19:     payment
        ^
20:     deliveryMethod
 [] []
[2021-04-22 15:09:38] OXID Logger.ERROR: Field "deliveryMethod" of type "DeliveryMethodInterface" must have a sub selection.

GraphQL (20:5)
19:     payment
20:     deliveryMethod
        ^
21:     id
 [] []
[2021-04-22 15:09:48] OXID Logger.ERROR: Field "baskets" argument "owner" requires type String!, found ______.

GraphQL (13:18)
12: query baskets{
13:   baskets(owner: ______){
                     ^
14:     owner
 [] []
[2021-04-22 15:09:48] OXID Logger.ERROR: Field "owner" of type "BasketOwner!" must have a sub selection.

GraphQL (14:5)
13:   baskets(owner: ______){
14:     owner
        ^
15:     items(pagination: ______)
 [] []
[2021-04-22 15:09:48] OXID Logger.ERROR: Field "items" of type "[BasketItem!]!" must have a sub selection.

GraphQL (15:5)
14:     owner
15:     items(pagination: ______)
        ^
16:     cost
 [] []
[2021-04-22 15:09:48] OXID Logger.ERROR: Field "items" argument "pagination" requires type PaginationFilterInput, found ______.

GraphQL (15:23)
14:     owner
15:     items(pagination: ______)
                          ^
16:     cost
 [] []
[2021-04-22 15:09:48] OXID Logger.ERROR: Field "cost" of type "BasketCost!" must have a sub selection.

GraphQL (16:5)
15:     items(pagination: ______)
16:     cost
        ^
17:     vouchers
 [] []
[2021-04-22 15:09:48] OXID Logger.ERROR: Field "vouchers" of type "[Voucher!]!" must have a sub selection.

GraphQL (17:5)
16:     cost
17:     vouchers
        ^
18:     deliveryAddress
 [] []
[2021-04-22 15:09:48] OXID Logger.ERROR: Field "deliveryAddress" of type "DeliveryAddress" must have a sub selection.

GraphQL (18:5)
17:     vouchers
18:     deliveryAddress
        ^
19:     payment
 [] []
[2021-04-22 15:09:48] OXID Logger.ERROR: Field "payment" of type "PaymentInterface" must have a sub selection.

GraphQL (19:5)
18:     deliveryAddress
19:     payment
        ^
20:     deliveryMethod
 [] []
[2021-04-22 15:09:48] OXID Logger.ERROR: Field "deliveryMethod" of type "DeliveryMethodInterface" must have a sub selection.

GraphQL (20:5)
19:     payment
20:     deliveryMethod
        ^
21:     id
 [] []
[2021-04-22 15:10:23] OXID Logger.ERROR: Field "baskets" argument "owner" requires type String!, found ______.

GraphQL (13:18)
12: query baskets{
13:   baskets(owner: ______){
                     ^
14:     owner
 [] []
[2021-04-22 15:10:23] OXID Logger.ERROR: Field "owner" of type "BasketOwner!" must have a sub selection.

GraphQL (14:5)
13:   baskets(owner: ______){
14:     owner
        ^
15:     items(pagination: ______)
 [] []
[2021-04-22 15:10:23] OXID Logger.ERROR: Field "items" of type "[BasketItem!]!" must have a sub selection.

GraphQL (15:5)
14:     owner
15:     items(pagination: ______)
        ^
16:     cost
 [] []
[2021-04-22 15:10:23] OXID Logger.ERROR: Field "items" argument "pagination" requires type PaginationFilterInput, found ______.

GraphQL (15:23)
14:     owner
15:     items(pagination: ______)
                          ^
16:     cost
 [] []
[2021-04-22 15:10:23] OXID Logger.ERROR: Field "cost" of type "BasketCost!" must have a sub selection.

GraphQL (16:5)
15:     items(pagination: ______)
16:     cost
        ^
17:     vouchers
 [] []
[2021-04-22 15:10:23] OXID Logger.ERROR: Field "vouchers" of type "[Voucher!]!" must have a sub selection.

GraphQL (17:5)
16:     cost
17:     vouchers
        ^
18:     deliveryAddress
 [] []
[2021-04-22 15:10:23] OXID Logger.ERROR: Field "deliveryAddress" of type "DeliveryAddress" must have a sub selection.

GraphQL (18:5)
17:     vouchers
18:     deliveryAddress
        ^
19:     payment
 [] []
[2021-04-22 15:10:23] OXID Logger.ERROR: Field "payment" of type "PaymentInterface" must have a sub selection.

GraphQL (19:5)
18:     deliveryAddress
19:     payment
        ^
20:     deliveryMethod
 [] []
[2021-04-22 15:10:23] OXID Logger.ERROR: Field "deliveryMethod" of type "DeliveryMethodInterface" must have a sub selection.

GraphQL (20:5)
19:     payment
20:     deliveryMethod
        ^
21:     id
 [] []
[2021-04-22 15:10:30] OXID Logger.ERROR: Field "baskets" argument "owner" requires type String!, found ______.

GraphQL (13:18)
12: query baskets{
13:   baskets(owner: ______){
                     ^
14:     owner
 [] []
[2021-04-22 15:10:30] OXID Logger.ERROR: Field "owner" of type "BasketOwner!" must have a sub selection.

GraphQL (14:5)
13:   baskets(owner: ______){
14:     owner
        ^
15:     items(pagination: ______)
 [] []
[2021-04-22 15:10:30] OXID Logger.ERROR: Field "items" of type "[BasketItem!]!" must have a sub selection.

GraphQL (15:5)
14:     owner
15:     items(pagination: ______)
        ^
16:     cost
 [] []
[2021-04-22 15:10:30] OXID Logger.ERROR: Field "items" argument "pagination" requires type PaginationFilterInput, found ______.

GraphQL (15:23)
14:     owner
15:     items(pagination: ______)
                          ^
16:     cost
 [] []
[2021-04-22 15:10:30] OXID Logger.ERROR: Field "cost" of type "BasketCost!" must have a sub selection.

GraphQL (16:5)
15:     items(pagination: ______)
16:     cost
        ^
17:     vouchers
 [] []
[2021-04-22 15:10:30] OXID Logger.ERROR: Field "vouchers" of type "[Voucher!]!" must have a sub selection.

GraphQL (17:5)
16:     cost
17:     vouchers
        ^
18:     deliveryAddress
 [] []
[2021-04-22 15:10:30] OXID Logger.ERROR: Field "deliveryAddress" of type "DeliveryAddress" must have a sub selection.

GraphQL (18:5)
17:     vouchers
18:     deliveryAddress
        ^
19:     payment
 [] []
[2021-04-22 15:10:30] OXID Logger.ERROR: Field "payment" of type "PaymentInterface" must have a sub selection.

GraphQL (19:5)
18:     deliveryAddress
19:     payment
        ^
20:     deliveryMethod
 [] []
[2021-04-22 15:10:30] OXID Logger.ERROR: Field "deliveryMethod" of type "DeliveryMethodInterface" must have a sub selection.

GraphQL (20:5)
19:     payment
20:     deliveryMethod
        ^
21:     id
 [] []
[2021-04-22 15:10:48] OXID Logger.ERROR: Field "baskets" argument "owner" requires type String!, found ______.

GraphQL (6:18)
5: query baskets {
6:   baskets(owner: ______) {
                    ^
7:     owner
 [] []
[2021-04-22 15:10:48] OXID Logger.ERROR: Field "owner" of type "BasketOwner!" must have a sub selection.

GraphQL (7:5)
6:   baskets(owner: ______) {
7:     owner
       ^
8:     items(pagination: ______)
 [] []
[2021-04-22 15:10:48] OXID Logger.ERROR: Field "items" of type "[BasketItem!]!" must have a sub selection.

GraphQL (8:5)
7:     owner
8:     items(pagination: ______)
       ^
9:     cost
 [] []
[2021-04-22 15:10:48] OXID Logger.ERROR: Field "items" argument "pagination" requires type PaginationFilterInput, found ______.

GraphQL (8:23)
7:     owner
8:     items(pagination: ______)
                         ^
9:     cost
 [] []
[2021-04-22 15:10:48] OXID Logger.ERROR: Field "cost" of type "BasketCost!" must have a sub selection.

GraphQL (9:5)
 8:     items(pagination: ______)
 9:     cost
        ^
10:     vouchers
 [] []
[2021-04-22 15:10:48] OXID Logger.ERROR: Field "vouchers" of type "[Voucher!]!" must have a sub selection.

GraphQL (10:5)
 9:     cost
10:     vouchers
        ^
11:     deliveryAddress
 [] []
[2021-04-22 15:10:48] OXID Logger.ERROR: Field "deliveryAddress" of type "DeliveryAddress" must have a sub selection.

GraphQL (11:5)
10:     vouchers
11:     deliveryAddress
        ^
12:     payment
 [] []
[2021-04-22 15:10:48] OXID Logger.ERROR: Field "payment" of type "PaymentInterface" must have a sub selection.

GraphQL (12:5)
11:     deliveryAddress
12:     payment
        ^
13:     deliveryMethod
 [] []
[2021-04-22 15:10:48] OXID Logger.ERROR: Field "deliveryMethod" of type "DeliveryMethodInterface" must have a sub selection.

GraphQL (13:5)
12:     payment
13:     deliveryMethod
        ^
14:     id
 [] []
[2021-04-22 15:10:58] OXID Logger.ERROR: Field "baskets" argument "owner" requires type String!, found ______.

GraphQL (6:18)
5: query ba {
6:   baskets(owner: ______) {
                    ^
7:     owner
 [] []
[2021-04-22 15:10:58] OXID Logger.ERROR: Field "owner" of type "BasketOwner!" must have a sub selection.

GraphQL (7:5)
6:   baskets(owner: ______) {
7:     owner
       ^
8:     items(pagination: ______)
 [] []
[2021-04-22 15:10:58] OXID Logger.ERROR: Field "items" of type "[BasketItem!]!" must have a sub selection.

GraphQL (8:5)
7:     owner
8:     items(pagination: ______)
       ^
9:     cost
 [] []
[2021-04-22 15:10:58] OXID Logger.ERROR: Field "items" argument "pagination" requires type PaginationFilterInput, found ______.

GraphQL (8:23)
7:     owner
8:     items(pagination: ______)
                         ^
9:     cost
 [] []
[2021-04-22 15:10:58] OXID Logger.ERROR: Field "cost" of type "BasketCost!" must have a sub selection.

GraphQL (9:5)
 8:     items(pagination: ______)
 9:     cost
        ^
10:     vouchers
 [] []
[2021-04-22 15:10:58] OXID Logger.ERROR: Field "vouchers" of type "[Voucher!]!" must have a sub selection.

GraphQL (10:5)
 9:     cost
10:     vouchers
        ^
11:     deliveryAddress
 [] []
[2021-04-22 15:10:58] OXID Logger.ERROR: Field "deliveryAddress" of type "DeliveryAddress" must have a sub selection.

GraphQL (11:5)
10:     vouchers
11:     deliveryAddress
        ^
12:     payment
 [] []
[2021-04-22 15:10:58] OXID Logger.ERROR: Field "payment" of type "PaymentInterface" must have a sub selection.

GraphQL (12:5)
11:     deliveryAddress
12:     payment
        ^
13:     deliveryMethod
 [] []
[2021-04-22 15:10:58] OXID Logger.ERROR: Field "deliveryMethod" of type "DeliveryMethodInterface" must have a sub selection.

GraphQL (13:5)
12:     payment
13:     deliveryMethod
        ^
14:     id
 [] []
[2021-04-22 15:11:12] OXID Logger.ERROR: Field "baskets" argument "owner" requires type String!, found ______.

GraphQL (6:18)
5: query ba {
6:   baskets(owner: ______) {
                    ^
7:     owner
 [] []
[2021-04-22 15:11:12] OXID Logger.ERROR: Field "owner" of type "BasketOwner!" must have a sub selection.

GraphQL (7:5)
6:   baskets(owner: ______) {
7:     owner
       ^
8:     items(pagination: ______)
 [] []
[2021-04-22 15:11:12] OXID Logger.ERROR: Field "items" of type "[BasketItem!]!" must have a sub selection.

GraphQL (8:5)
7:     owner
8:     items(pagination: ______)
       ^
9:     cost
 [] []
[2021-04-22 15:11:12] OXID Logger.ERROR: Field "items" argument "pagination" requires type PaginationFilterInput, found ______.

GraphQL (8:23)
7:     owner
8:     items(pagination: ______)
                         ^
9:     cost
 [] []
[2021-04-22 15:11:12] OXID Logger.ERROR: Field "cost" of type "BasketCost!" must have a sub selection.

GraphQL (9:5)
 8:     items(pagination: ______)
 9:     cost
        ^
10:     vouchers
 [] []
[2021-04-22 15:11:12] OXID Logger.ERROR: Field "vouchers" of type "[Voucher!]!" must have a sub selection.

GraphQL (10:5)
 9:     cost
10:     vouchers
        ^
11:     deliveryAddress
 [] []
[2021-04-22 15:11:12] OXID Logger.ERROR: Field "deliveryAddress" of type "DeliveryAddress" must have a sub selection.

GraphQL (11:5)
10:     vouchers
11:     deliveryAddress
        ^
12:     payment
 [] []
[2021-04-22 15:11:12] OXID Logger.ERROR: Field "payment" of type "PaymentInterface" must have a sub selection.

GraphQL (12:5)
11:     deliveryAddress
12:     payment
        ^
13:     deliveryMethod
 [] []
[2021-04-22 15:11:12] OXID Logger.ERROR: Field "deliveryMethod" of type "DeliveryMethodInterface" must have a sub selection.

GraphQL (13:5)
12:     payment
13:     deliveryMethod
        ^
14:     id
 [] []
[2021-04-22 15:13:01] OXID Logger.ERROR: Syntax Error: Unexpected <EOF>

GraphQL (4:33)
3: 
4: # Enter your graphQL query here.
                                   ^
 [] []
